Connecting to database specified by database.yml
Connecting to database specified by database.yml
Connecting to database specified by database.yml
Connecting to database specified by database.yml
Connecting to database specified by database.yml
Connecting to database specified by database.yml
Connecting to database specified by database.yml
  [1m[36m (0.2ms)[0m  [1mselect sqlite_version(*)[0m
  [1m[35m (238.6ms)[0m  CREATE TABLE "schema_migrations" ("version" varchar(255) NOT NULL) 
  [1m[36m (319.4ms)[0m  [1mCREATE UNIQUE INDEX "unique_schema_migrations" ON "schema_migrations" ("version")[0m
  [1m[35m (119.6ms)[0m  SELECT "schema_migrations"."version" FROM "schema_migrations" 
Migrating to CreateFortunes (20121203092330)
  [1m[36m (0.1ms)[0m  [1mbegin transaction[0m
  [1m[35m (237.0ms)[0m  CREATE TABLE "fortunes" ("id" INTEGER PRIMARY KEY AUTOINCREMENT NOT NULL, "quotation" text, "source" varchar(255), "data" date, "created_at" datetime NOT NULL, "updated_at" datetime NOT NULL) 
  [1m[36m (0.1ms)[0m  [1mINSERT INTO "schema_migrations" ("version") VALUES ('20121203092330')[0m
  [1m[35m (415.0ms)[0m  commit transaction
  [1m[36m (260.1ms)[0m  [1mSELECT "schema_migrations"."version" FROM "schema_migrations" [0m
Connecting to database specified by database.yml
Connecting to database specified by database.yml
  [1m[36m (39.5ms)[0m  [1mSELECT "schema_migrations"."version" FROM "schema_migrations" [0m
  [1m[35m (0.0ms)[0m  begin transaction
  [1m[36mSQL (113.2ms)[0m  [1mINSERT INTO "fortunes" ("created_at", "data", "quotation", "source", "updated_at") VALUES (?, ?, ?, ?, ?)[0m  [["created_at", Mon, 03 Dec 2012 09:25:47 UTC +00:00], ["data", nil], ["quotation", "I hear and I forget. I see and I remember. I do and I understand."], ["source", nil], ["updated_at", Mon, 03 Dec 2012 09:25:47 UTC +00:00]]
  [1m[35m (272.8ms)[0m  commit transaction
  [1m[36m (0.0ms)[0m  [1mbegin transaction[0m
  [1m[35mSQL (271.2ms)[0m  INSERT INTO "fortunes" ("created_at", "data", "quotation", "source", "updated_at") VALUES (?, ?, ?, ?, ?)  [["created_at", Mon, 03 Dec 2012 09:25:47 UTC +00:00], ["data", nil], ["quotation", "Everything has its beauty but not everyone sees it."], ["source", nil], ["updated_at", Mon, 03 Dec 2012 09:25:47 UTC +00:00]]
  [1m[36m (231.3ms)[0m  [1mcommit transaction[0m
  [1m[35m (0.1ms)[0m  begin transaction
  [1m[36mSQL (159.0ms)[0m  [1mINSERT INTO "fortunes" ("created_at", "data", "quotation", "source", "updated_at") VALUES (?, ?, ?, ?, ?)[0m  [["created_at", Mon, 03 Dec 2012 09:25:48 UTC +00:00], ["data", nil], ["quotation", "It does not matter how slowly you go so long as you do not stop."], ["source", nil], ["updated_at", Mon, 03 Dec 2012 09:25:48 UTC +00:00]]
  [1m[35m (132.2ms)[0m  commit transaction
  [1m[36m (0.1ms)[0m  [1mbegin transaction[0m
  [1m[35mSQL (76.9ms)[0m  INSERT INTO "fortunes" ("created_at", "data", "quotation", "source", "updated_at") VALUES (?, ?, ?, ?, ?)  [["created_at", Mon, 03 Dec 2012 09:25:48 UTC +00:00], ["data", nil], ["quotation", "Study the past if you would define the future."], ["source", nil], ["updated_at", Mon, 03 Dec 2012 09:25:48 UTC +00:00]]
  [1m[36m (192.3ms)[0m  [1mcommit transaction[0m
Connecting to database specified by database.yml


Started GET "/" for 153.19.217.72 at 2012-12-03 10:26:02 +0100
Processing by FortunesController#index as HTML
  [1m[36mFortune Load (39.4ms)[0m  [1mSELECT "fortunes".* FROM "fortunes" [0m
  Rendered fortunes/index.html.erb within layouts/application (270.7ms)
Compiled bootstrap_and_overrides.css  (1065ms)  (pid 24051)
Compiled fortunes.css  (5ms)  (pid 24051)
Compiled scaffolds.css  (6ms)  (pid 24051)
Compiled application.css  (1477ms)  (pid 24051)
Compiled jquery.js  (1ms)  (pid 24051)
Compiled jquery_ujs.js  (0ms)  (pid 24051)
Compiled twitter/bootstrap/bootstrap-transition.js  (0ms)  (pid 24051)
Compiled twitter/bootstrap/bootstrap-alert.js  (0ms)  (pid 24051)
Compiled twitter/bootstrap/bootstrap-modal.js  (0ms)  (pid 24051)
Compiled twitter/bootstrap/bootstrap-dropdown.js  (0ms)  (pid 24051)
Compiled twitter/bootstrap/bootstrap-scrollspy.js  (0ms)  (pid 24051)
Compiled twitter/bootstrap/bootstrap-tab.js  (0ms)  (pid 24051)
Compiled twitter/bootstrap/bootstrap-tooltip.js  (0ms)  (pid 24051)
Compiled twitter/bootstrap/bootstrap-popover.js  (0ms)  (pid 24051)
Compiled twitter/bootstrap/bootstrap-button.js  (0ms)  (pid 24051)
Compiled twitter/bootstrap/bootstrap-collapse.js  (0ms)  (pid 24051)
Compiled twitter/bootstrap/bootstrap-carousel.js  (0ms)  (pid 24051)
Compiled twitter/bootstrap/bootstrap-typeahead.js  (0ms)  (pid 24051)
Compiled twitter/bootstrap/bootstrap-affix.js  (0ms)  (pid 24051)
Compiled twitter/bootstrap.js  (1447ms)  (pid 24051)
Compiled bootstrap.js  (53ms)  (pid 24051)
Compiled fortunes.js  (1ms)  (pid 24051)
Compiled application.js  (2108ms)  (pid 24051)
  Rendered shared/_navbar.html.erb (0.4ms)
Completed 200 OK in 5164ms (Views: 4871.3ms | ActiveRecord: 238.7ms)
Connecting to database specified by database.yml


Started GET "/" for 153.19.217.72 at 2012-12-03 10:28:12 +0100
Processing by FortunesController#index as HTML
  [1m[36mFortune Load (39.4ms)[0m  [1mSELECT "fortunes".* FROM "fortunes" [0m
  Rendered fortunes/index.html.erb within layouts/application (281.9ms)
Compiled bootstrap_and_overrides.css  (1221ms)  (pid 24665)
Compiled application.css  (2ms)  (pid 24665)
  Rendered shared/_navbar.html.erb (0.4ms)
Completed 200 OK in 2744ms (Views: 2303.7ms | ActiveRecord: 356.2ms)
Connecting to database specified by database.yml


Started GET "/" for 153.19.217.72 at 2012-12-03 10:30:37 +0100
Processing by FortunesController#index as HTML
  [1m[36mFortune Load (39.2ms)[0m  [1mSELECT "fortunes".* FROM "fortunes" [0m
  Rendered fortunes/index.html.erb within layouts/application (257.4ms)
  Rendered shared/_navbar.html.erb (0.4ms)
Completed 200 OK in 976ms (Views: 574.8ms | ActiveRecord: 320.2ms)
Connecting to database specified by database.yml


Started GET "/" for 153.19.217.72 at 2012-12-03 10:30:57 +0100
Processing by FortunesController#index as HTML
  [1m[36mFortune Load (39.5ms)[0m  [1mSELECT "fortunes".* FROM "fortunes" [0m
  Rendered fortunes/index.html.erb within layouts/application (258.1ms)
  Rendered shared/_navbar.html.erb (0.5ms)
Completed 200 OK in 802ms (Views: 516.7ms | ActiveRecord: 201.7ms)
Connecting to database specified by database.yml


Started GET "/" for 153.19.217.72 at 2012-12-03 10:31:44 +0100
Processing by FortunesController#index as HTML
  [1m[36mFortune Load (39.4ms)[0m  [1mSELECT "fortunes".* FROM "fortunes" [0m
  Rendered fortunes/index.html.erb within layouts/application (254.0ms)
Compiled application.css  (2ms)  (pid 25856)
  Rendered shared/_navbar.html.erb (0.5ms)
Completed 200 OK in 1186ms (Views: 861.2ms | ActiveRecord: 243.8ms)
Connecting to database specified by database.yml


Started GET "/" for 153.19.217.72 at 2012-12-03 10:32:23 +0100
Processing by FortunesController#index as HTML
  [1m[36mFortune Load (79.4ms)[0m  [1mSELECT "fortunes".* FROM "fortunes" [0m
  Rendered fortunes/index.html.erb within layouts/application (267.9ms)
Compiled application.css  (215ms)  (pid 26066)
  Rendered shared/_navbar.html.erb (0.5ms)
Completed 200 OK in 4360ms (Views: 3994.9ms | ActiveRecord: 282.4ms)
Connecting to database specified by database.yml


Started GET "/" for 153.19.217.72 at 2012-12-03 10:34:32 +0100

SyntaxError (/home/studinf/msarzynska/asi/v3/fortunka+wyglad/app/models/fortune.rb:10: syntax error, unexpected $end, expecting keyword_end):
  app/controllers/fortunes_controller.rb:1:in `<top (required)>'


  Rendered /usr/local/rvm/gems/ruby-1.9.3-p194/gems/actionpack-3.2.9/lib/action_dispatch/middleware/templates/rescues/_trace.erb (1.0ms)
  Rendered /usr/local/rvm/gems/ruby-1.9.3-p194/gems/actionpack-3.2.9/lib/action_dispatch/middleware/templates/rescues/_request_and_response.erb (31.1ms)
  Rendered /usr/local/rvm/gems/ruby-1.9.3-p194/gems/actionpack-3.2.9/lib/action_dispatch/middleware/templates/rescues/diagnostics.erb within rescues/layout (38.6ms)
Connecting to database specified by database.yml


Started GET "/" for 153.19.217.72 at 2012-12-03 10:34:59 +0100

ActionController::RoutingError (undefined method `vaildates' for #<Class:0x00000002d2deb0>):
  app/models/fortune.rb:9:in `<class:Fortune>'
  app/models/fortune.rb:1:in `<top (required)>'
  app/controllers/fortunes_controller.rb:1:in `<top (required)>'


  Rendered /usr/local/rvm/gems/ruby-1.9.3-p194/gems/actionpack-3.2.9/lib/action_dispatch/middleware/templates/rescues/routing_error.erb within rescues/layout (2.5ms)
Connecting to database specified by database.yml


Started GET "/" for 153.19.217.72 at 2012-12-03 10:36:57 +0100

ActionController::RoutingError (undefined method `validates' for main:Object):
  app/models/fortune.rb:4:in `<top (required)>'
  app/controllers/fortunes_controller.rb:1:in `<top (required)>'


  Rendered /usr/local/rvm/gems/ruby-1.9.3-p194/gems/actionpack-3.2.9/lib/action_dispatch/middleware/templates/rescues/routing_error.erb within rescues/layout (2.3ms)
Connecting to database specified by database.yml


Started GET "/" for 153.19.217.72 at 2012-12-03 10:37:51 +0100
Processing by FortunesController#index as HTML
  [1m[36mFortune Load (39.4ms)[0m  [1mSELECT "fortunes".* FROM "fortunes" [0m
  Rendered fortunes/index.html.erb within layouts/application (222.2ms)
  Rendered shared/_navbar.html.erb (0.5ms)
Completed 200 OK in 1314ms (Views: 867.3ms | ActiveRecord: 364.8ms)


Started GET "/" for 153.19.217.72 at 2012-12-03 10:37:52 +0100
Processing by FortunesController#index as HTML
  [1m[35mFortune Load (118.0ms)[0m  SELECT "fortunes".* FROM "fortunes" 
  Rendered fortunes/index.html.erb within layouts/application (7.3ms)
  Rendered shared/_navbar.html.erb (0.1ms)
Completed 200 OK in 337ms (Views: 218.3ms | ActiveRecord: 118.0ms)


Started GET "/fortunes/new" for 153.19.217.72 at 2012-12-03 10:37:56 +0100
Processing by FortunesController#new as HTML
  Rendered fortunes/_form.html.erb (319.9ms)
  Rendered fortunes/new.html.erb within layouts/application (327.0ms)
  Rendered shared/_navbar.html.erb (0.1ms)
Completed 200 OK in 353ms (Views: 351.8ms | ActiveRecord: 0.0ms)
Connecting to database specified by database.yml


Started GET "/" for 153.19.217.72 at 2012-12-03 10:40:18 +0100
Processing by FortunesController#index as HTML
  [1m[36mFortune Load (39.5ms)[0m  [1mSELECT "fortunes".* FROM "fortunes" [0m
  Rendered fortunes/index.html.erb within layouts/application (254.0ms)
  Rendered shared/_navbar.html.erb (0.4ms)
Completed 200 OK in 887ms (Views: 544.6ms | ActiveRecord: 263.8ms)


Started GET "/" for 153.19.217.72 at 2012-12-03 10:40:20 +0100
Processing by FortunesController#index as HTML
  [1m[35mFortune Load (118.5ms)[0m  SELECT "fortunes".* FROM "fortunes" 
  Rendered fortunes/index.html.erb within layouts/application (7.5ms)
  Rendered shared/_navbar.html.erb (0.1ms)
Completed 200 OK in 221ms (Views: 101.7ms | ActiveRecord: 118.5ms)


Started GET "/fortunes/new" for 153.19.217.72 at 2012-12-03 10:40:22 +0100
Processing by FortunesController#new as HTML
  Rendered fortunes/_form.html.erb (265.4ms)
  Rendered fortunes/new.html.erb within layouts/application (267.9ms)
  Rendered shared/_navbar.html.erb (0.1ms)
Completed 200 OK in 328ms (Views: 327.4ms | ActiveRecord: 0.0ms)
Connecting to database specified by database.yml


Started GET "/" for 153.19.217.72 at 2012-12-03 10:42:33 +0100
Processing by FortunesController#index as HTML
  [1m[36mFortune Load (39.6ms)[0m  [1mSELECT "fortunes".* FROM "fortunes" [0m
  Rendered fortunes/index.html.erb within layouts/application (248.2ms)
  Rendered shared/_navbar.html.erb (0.4ms)
Completed 200 OK in 1036ms (Views: 597.3ms | ActiveRecord: 355.0ms)
Connecting to database specified by database.yml


Started GET "/" for 153.19.217.72 at 2012-12-03 10:44:00 +0100
Processing by FortunesController#index as HTML
  [1m[36mFortune Load (39.3ms)[0m  [1mSELECT "fortunes".* FROM "fortunes" [0m
  Rendered fortunes/index.html.erb within layouts/application (260.9ms)
  Rendered shared/_navbar.html.erb (0.4ms)
Completed 200 OK in 983ms (Views: 577.9ms | ActiveRecord: 321.0ms)


Started GET "/fortunes/new" for 153.19.217.72 at 2012-12-03 10:44:04 +0100
Processing by FortunesController#new as HTML
  Rendered fortunes/_form.html.erb (278.9ms)
  Rendered fortunes/new.html.erb within layouts/application (282.2ms)
  Rendered shared/_navbar.html.erb (0.1ms)
Completed 200 OK in 346ms (Views: 345.3ms | ActiveRecord: 0.0ms)


Started GET "/" for 153.19.217.72 at 2012-12-03 10:44:06 +0100
Processing by FortunesController#index as HTML
  [1m[35mFortune Load (118.5ms)[0m  SELECT "fortunes".* FROM "fortunes" 
  Rendered fortunes/index.html.erb within layouts/application (7.1ms)
  Rendered shared/_navbar.html.erb (0.1ms)
Completed 200 OK in 185ms (Views: 65.6ms | ActiveRecord: 118.5ms)
Connecting to database specified by database.yml


Started GET "/" for 153.19.217.72 at 2012-12-03 10:45:26 +0100
Processing by FortunesController#index as HTML
  [1m[36mFortune Load (39.5ms)[0m  [1mSELECT "fortunes".* FROM "fortunes" [0m
  Rendered fortunes/index.html.erb within layouts/application (216.6ms)
  Rendered shared/_navbar.html.erb (0.4ms)
Completed 200 OK in 1219ms (Views: 846.4ms | ActiveRecord: 293.0ms)
Connecting to database specified by database.yml


Started GET "/" for 153.19.217.72 at 2012-12-03 10:49:25 +0100
Processing by FortunesController#index as HTML
  [1m[36mFortune Load (87.5ms)[0m  [1mSELECT "fortunes".* FROM "fortunes" [0m
  Rendered fortunes/index.html.erb within layouts/application (224.5ms)
  Rendered shared/_navbar.html.erb (0.4ms)
Completed 200 OK in 961ms (Views: 468.5ms | ActiveRecord: 409.4ms)


Started GET "/fortunes/new" for 153.19.217.72 at 2012-12-03 10:49:31 +0100
Processing by FortunesController#new as HTML
  Rendered fortunes/_form.html.erb (234.0ms)
  Rendered fortunes/new.html.erb within layouts/application (267.9ms)
  Rendered shared/_navbar.html.erb (0.1ms)
Completed 200 OK in 1078ms (Views: 1077.2ms | ActiveRecord: 0.0ms)


Started GET "/" for 153.19.217.72 at 2012-12-03 10:49:35 +0100
Processing by FortunesController#index as HTML
  [1m[35mFortune Load (117.9ms)[0m  SELECT "fortunes".* FROM "fortunes" 
  Rendered fortunes/index.html.erb within layouts/application (7.1ms)
  Rendered shared/_navbar.html.erb (0.1ms)
Completed 200 OK in 186ms (Views: 67.0ms | ActiveRecord: 117.9ms)


Started GET "/fortunes/new" for 153.19.217.72 at 2012-12-03 10:49:37 +0100
Processing by FortunesController#new as HTML
  Rendered fortunes/_form.html.erb (9.6ms)
  Rendered fortunes/new.html.erb within layouts/application (11.4ms)
  Rendered shared/_navbar.html.erb (0.1ms)
Completed 200 OK in 30ms (Views: 30.0ms | ActiveRecord: 0.0ms)


Started POST "/fortunes" for 153.19.217.72 at 2012-12-03 10:49:38 +0100
Processing by FortunesController#create as HTML
  Parameters: {"utf8"=>"✓", "authenticity_token"=>"7btjbGaZJbTqzKUbxsvm2rTKY1JXkjC4IQpiOl5dlBY=", "fortune"=>{"quotation"=>"", "source"=>"", "data(1i)"=>"2012", "data(2i)"=>"12", "data(3i)"=>"3"}, "commit"=>"Create Fortune"}
  [1m[36m (0.1ms)[0m  [1mbegin transaction[0m
  [1m[35mSQL (147.6ms)[0m  INSERT INTO "fortunes" ("created_at", "data", "quotation", "source", "updated_at") VALUES (?, ?, ?, ?, ?)  [["created_at", Mon, 03 Dec 2012 09:49:38 UTC +00:00], ["data", Mon, 03 Dec 2012], ["quotation", ""], ["source", ""], ["updated_at", Mon, 03 Dec 2012 09:49:38 UTC +00:00]]
  [1m[36m (143.7ms)[0m  [1mcommit transaction[0m
Redirected to http://sigma.ug.edu.pl:16012/fortunes/5
Completed 302 Found in 297ms (ActiveRecord: 291.4ms)


Started GET "/fortunes/5" for 153.19.217.72 at 2012-12-03 10:49:38 +0100
Processing by FortunesController#show as HTML
  Parameters: {"id"=>"5"}
  [1m[35mFortune Load (119.4ms)[0m  SELECT "fortunes".* FROM "fortunes" WHERE "fortunes"."id" = ? LIMIT 1  [["id", "5"]]
  Rendered fortunes/show.html.erb within layouts/application (3.5ms)
  Rendered shared/_navbar.html.erb (0.1ms)
Completed 200 OK in 186ms (Views: 64.0ms | ActiveRecord: 119.4ms)


Started DELETE "/fortunes/5" for 153.19.217.72 at 2012-12-03 10:49:45 +0100
Processing by FortunesController#destroy as HTML
  Parameters: {"authenticity_token"=>"7btjbGaZJbTqzKUbxsvm2rTKY1JXkjC4IQpiOl5dlBY=", "id"=>"5"}
  [1m[36mFortune Load (159.6ms)[0m  [1mSELECT "fortunes".* FROM "fortunes" WHERE "fortunes"."id" = ? LIMIT 1[0m  [["id", "5"]]
  [1m[35m (0.1ms)[0m  begin transaction
  [1m[36mSQL (79.3ms)[0m  [1mDELETE FROM "fortunes" WHERE "fortunes"."id" = ?[0m  [["id", 5]]
  [1m[35m (159.5ms)[0m  commit transaction
Redirected to http://sigma.ug.edu.pl:16012/fortunes
Completed 302 Found in 403ms (ActiveRecord: 398.4ms)


Started GET "/fortunes" for 153.19.217.72 at 2012-12-03 10:49:46 +0100
Processing by FortunesController#index as HTML
  [1m[36mFortune Load (119.3ms)[0m  [1mSELECT "fortunes".* FROM "fortunes" [0m
  Rendered fortunes/index.html.erb within layouts/application (7.6ms)
  Rendered shared/_navbar.html.erb (0.1ms)
Completed 200 OK in 188ms (Views: 67.9ms | ActiveRecord: 119.3ms)
Connecting to database specified by database.yml


Started GET "/fortunes" for 153.19.217.72 at 2012-12-03 10:51:40 +0100
Processing by FortunesController#index as HTML
  [1m[36mFortune Load (39.5ms)[0m  [1mSELECT "fortunes".* FROM "fortunes" [0m
  Rendered fortunes/index.html.erb within layouts/application (263.4ms)
  Rendered shared/_navbar.html.erb (0.4ms)
Completed 200 OK in 1693ms (Views: 1252.8ms | ActiveRecord: 355.3ms)


Started GET "/fortunes/new" for 153.19.217.72 at 2012-12-03 10:51:44 +0100
Processing by FortunesController#new as HTML
  Rendered fortunes/_form.html.erb (266.2ms)
  Rendered fortunes/new.html.erb within layouts/application (268.9ms)
  Rendered shared/_navbar.html.erb (0.1ms)
Completed 200 OK in 287ms (Views: 286.2ms | ActiveRecord: 0.0ms)


Started GET "/" for 153.19.217.72 at 2012-12-03 10:51:47 +0100
Processing by FortunesController#index as HTML
  [1m[35mFortune Load (118.3ms)[0m  SELECT "fortunes".* FROM "fortunes" 
  Rendered fortunes/index.html.erb within layouts/application (7.0ms)
  Rendered shared/_navbar.html.erb (0.1ms)
Completed 200 OK in 229ms (Views: 109.4ms | ActiveRecord: 118.3ms)


Started GET "/fortunes/2/edit" for 153.19.217.72 at 2012-12-03 10:51:49 +0100
Processing by FortunesController#edit as HTML
  Parameters: {"id"=>"2"}
  [1m[36mFortune Load (117.2ms)[0m  [1mSELECT "fortunes".* FROM "fortunes" WHERE "fortunes"."id" = ? LIMIT 1[0m  [["id", "2"]]
ERROR: compiling _app_views_fortunes_edit_html_erb__3302784222241893553_13284620 RAISED /home/studinf/msarzynska/asi/v3/fortunka+wyglad/app/views/fortunes/edit.html.erb:4: syntax error, unexpected ')', expecting keyword_end
...del_class.model_name.human}") );@output_buffer.safe_concat('...
...                               ^
Function body:           def _app_views_fortunes_edit_html_erb__3302784222241893553_13284620(local_assigns, output_buffer)
            _old_virtual_path, @virtual_path = @virtual_path, "fortunes/edit";_old_output_buffer = @output_buffer;;@output_buffer = output_buffer || ActionView::OutputBuffer.new; model_class = Fortune 
@output_buffer.safe_concat('<div class="page-header">
  <h1>');@output_buffer.append= (t 'edit', :model => model_class.model_name.human,
                                   :default => "Edit #{model_class.model_name.human}") );@output_buffer.safe_concat('</h1>
</div>
');@output_buffer.append= ( render :partial => 'form' );@output_buffer.safe_concat('
');@output_buffer.to_s
          ensure
            @virtual_path, @output_buffer = _old_virtual_path, _old_output_buffer
          end

Backtrace: /usr/local/rvm/gems/ruby-1.9.3-p194/gems/actionpack-3.2.9/lib/action_view/template.rb:297:in `module_eval'
/usr/local/rvm/gems/ruby-1.9.3-p194/gems/actionpack-3.2.9/lib/action_view/template.rb:297:in `compile'
/usr/local/rvm/gems/ruby-1.9.3-p194/gems/actionpack-3.2.9/lib/action_view/template.rb:244:in `block in compile!'
<internal:prelude>:10:in `synchronize'
/usr/local/rvm/gems/ruby-1.9.3-p194/gems/actionpack-3.2.9/lib/action_view/template.rb:232:in `compile!'
/usr/local/rvm/gems/ruby-1.9.3-p194/gems/actionpack-3.2.9/lib/action_view/template.rb:144:in `block in render'
/usr/local/rvm/gems/ruby-1.9.3-p194/gems/activesupport-3.2.9/lib/active_support/notifications.rb:125:in `instrument'
/usr/local/rvm/gems/ruby-1.9.3-p194/gems/actionpack-3.2.9/lib/action_view/template.rb:143:in `render'
/usr/local/rvm/gems/ruby-1.9.3-p194/gems/actionpack-3.2.9/lib/action_view/renderer/template_renderer.rb:47:in `block (2 levels) in render_template'
/usr/local/rvm/gems/ruby-1.9.3-p194/gems/actionpack-3.2.9/lib/action_view/renderer/abstract_renderer.rb:38:in `block in instrument'
/usr/local/rvm/gems/ruby-1.9.3-p194/gems/activesupport-3.2.9/lib/active_support/notifications.rb:123:in `block in instrument'
/usr/local/rvm/gems/ruby-1.9.3-p194/gems/activesupport-3.2.9/lib/active_support/notifications/instrumenter.rb:20:in `instrument'
/usr/local/rvm/gems/ruby-1.9.3-p194/gems/activesupport-3.2.9/lib/active_support/notifications.rb:123:in `instrument'
/usr/local/rvm/gems/ruby-1.9.3-p194/gems/actionpack-3.2.9/lib/action_view/renderer/abstract_renderer.rb:38:in `instrument'
/usr/local/rvm/gems/ruby-1.9.3-p194/gems/actionpack-3.2.9/lib/action_view/renderer/template_renderer.rb:46:in `block in render_template'
/usr/local/rvm/gems/ruby-1.9.3-p194/gems/actionpack-3.2.9/lib/action_view/renderer/template_renderer.rb:54:in `render_with_layout'
/usr/local/rvm/gems/ruby-1.9.3-p194/gems/actionpack-3.2.9/lib/action_view/renderer/template_renderer.rb:45:in `render_template'
/usr/local/rvm/gems/ruby-1.9.3-p194/gems/actionpack-3.2.9/lib/action_view/renderer/template_renderer.rb:18:in `render'
/usr/local/rvm/gems/ruby-1.9.3-p194/gems/actionpack-3.2.9/lib/action_view/renderer/renderer.rb:36:in `render_template'
/usr/local/rvm/gems/ruby-1.9.3-p194/gems/actionpack-3.2.9/lib/action_view/renderer/renderer.rb:17:in `render'
/usr/local/rvm/gems/ruby-1.9.3-p194/gems/actionpack-3.2.9/lib/abstract_controller/rendering.rb:110:in `_render_template'
/usr/local/rvm/gems/ruby-1.9.3-p194/gems/actionpack-3.2.9/lib/action_controller/metal/streaming.rb:225:in `_render_template'
/usr/local/rvm/gems/ruby-1.9.3-p194/gems/actionpack-3.2.9/lib/abstract_controller/rendering.rb:103:in `render_to_body'
/usr/local/rvm/gems/ruby-1.9.3-p194/gems/actionpack-3.2.9/lib/action_controller/metal/renderers.rb:28:in `render_to_body'
/usr/local/rvm/gems/ruby-1.9.3-p194/gems/actionpack-3.2.9/lib/action_controller/metal/compatibility.rb:50:in `render_to_body'
/usr/local/rvm/gems/ruby-1.9.3-p194/gems/actionpack-3.2.9/lib/abstract_controller/rendering.rb:88:in `render'
/usr/local/rvm/gems/ruby-1.9.3-p194/gems/actionpack-3.2.9/lib/action_controller/metal/rendering.rb:16:in `render'
/usr/local/rvm/gems/ruby-1.9.3-p194/gems/actionpack-3.2.9/lib/action_controller/metal/instrumentation.rb:40:in `block (2 levels) in render'
/usr/local/rvm/gems/ruby-1.9.3-p194/gems/activesupport-3.2.9/lib/active_support/core_ext/benchmark.rb:5:in `block in ms'
/usr/local/rvm/rubies/ruby-1.9.3-p194/lib/ruby/1.9.1/benchmark.rb:295:in `realtime'
/usr/local/rvm/gems/ruby-1.9.3-p194/gems/activesupport-3.2.9/lib/active_support/core_ext/benchmark.rb:5:in `ms'
/usr/local/rvm/gems/ruby-1.9.3-p194/gems/actionpack-3.2.9/lib/action_controller/metal/instrumentation.rb:40:in `block in render'
/usr/local/rvm/gems/ruby-1.9.3-p194/gems/actionpack-3.2.9/lib/action_controller/metal/instrumentation.rb:83:in `cleanup_view_runtime'
/usr/local/rvm/gems/ruby-1.9.3-p194/gems/activerecord-3.2.9/lib/active_record/railties/controller_runtime.rb:24:in `cleanup_view_runtime'
/usr/local/rvm/gems/ruby-1.9.3-p194/gems/actionpack-3.2.9/lib/action_controller/metal/instrumentation.rb:39:in `render'
/usr/local/rvm/gems/ruby-1.9.3-p194/gems/actionpack-3.2.9/lib/action_controller/metal/implicit_render.rb:10:in `default_render'
/usr/local/rvm/gems/ruby-1.9.3-p194/gems/actionpack-3.2.9/lib/action_controller/metal/implicit_render.rb:5:in `send_action'
/usr/local/rvm/gems/ruby-1.9.3-p194/gems/actionpack-3.2.9/lib/abstract_controller/base.rb:167:in `process_action'
/usr/local/rvm/gems/ruby-1.9.3-p194/gems/actionpack-3.2.9/lib/action_controller/metal/rendering.rb:10:in `process_action'
/usr/local/rvm/gems/ruby-1.9.3-p194/gems/actionpack-3.2.9/lib/abstract_controller/callbacks.rb:18:in `block in process_action'
/usr/local/rvm/gems/ruby-1.9.3-p194/gems/activesupport-3.2.9/lib/active_support/callbacks.rb:414:in `_run__1605855499940737296__process_action__2064370281813584510__callbacks'
/usr/local/rvm/gems/ruby-1.9.3-p194/gems/activesupport-3.2.9/lib/active_support/callbacks.rb:405:in `__run_callback'
/usr/local/rvm/gems/ruby-1.9.3-p194/gems/activesupport-3.2.9/lib/active_support/callbacks.rb:385:in `_run_process_action_callbacks'
/usr/local/rvm/gems/ruby-1.9.3-p194/gems/activesupport-3.2.9/lib/active_support/callbacks.rb:81:in `run_callbacks'
/usr/local/rvm/gems/ruby-1.9.3-p194/gems/actionpack-3.2.9/lib/abstract_controller/callbacks.rb:17:in `process_action'
/usr/local/rvm/gems/ruby-1.9.3-p194/gems/actionpack-3.2.9/lib/action_controller/metal/rescue.rb:29:in `process_action'
/usr/local/rvm/gems/ruby-1.9.3-p194/gems/actionpack-3.2.9/lib/action_controller/metal/instrumentation.rb:30:in `block in process_action'
/usr/local/rvm/gems/ruby-1.9.3-p194/gems/activesupport-3.2.9/lib/active_support/notifications.rb:123:in `block in instrument'
/usr/local/rvm/gems/ruby-1.9.3-p194/gems/activesupport-3.2.9/lib/active_support/notifications/instrumenter.rb:20:in `instrument'
/usr/local/rvm/gems/ruby-1.9.3-p194/gems/activesupport-3.2.9/lib/active_support/notifications.rb:123:in `instrument'
/usr/local/rvm/gems/ruby-1.9.3-p194/gems/actionpack-3.2.9/lib/action_controller/metal/instrumentation.rb:29:in `process_action'
/usr/local/rvm/gems/ruby-1.9.3-p194/gems/actionpack-3.2.9/lib/action_controller/metal/params_wrapper.rb:207:in `process_action'
/usr/local/rvm/gems/ruby-1.9.3-p194/gems/activerecord-3.2.9/lib/active_record/railties/controller_runtime.rb:18:in `process_action'
/usr/local/rvm/gems/ruby-1.9.3-p194/gems/actionpack-3.2.9/lib/abstract_controller/base.rb:121:in `process'
/usr/local/rvm/gems/ruby-1.9.3-p194/gems/actionpack-3.2.9/lib/abstract_controller/rendering.rb:45:in `process'
/usr/local/rvm/gems/ruby-1.9.3-p194/gems/actionpack-3.2.9/lib/action_controller/metal.rb:203:in `dispatch'
/usr/local/rvm/gems/ruby-1.9.3-p194/gems/actionpack-3.2.9/lib/action_controller/metal/rack_delegation.rb:14:in `dispatch'
/usr/local/rvm/gems/ruby-1.9.3-p194/gems/actionpack-3.2.9/lib/action_controller/metal.rb:246:in `block in action'
/usr/local/rvm/gems/ruby-1.9.3-p194/gems/actionpack-3.2.9/lib/action_dispatch/routing/route_set.rb:73:in `call'
/usr/local/rvm/gems/ruby-1.9.3-p194/gems/actionpack-3.2.9/lib/action_dispatch/routing/route_set.rb:73:in `dispatch'
/usr/local/rvm/gems/ruby-1.9.3-p194/gems/actionpack-3.2.9/lib/action_dispatch/routing/route_set.rb:36:in `call'
/usr/local/rvm/gems/ruby-1.9.3-p194/gems/journey-1.0.4/lib/journey/router.rb:68:in `block in call'
/usr/local/rvm/gems/ruby-1.9.3-p194/gems/journey-1.0.4/lib/journey/router.rb:56:in `each'
/usr/local/rvm/gems/ruby-1.9.3-p194/gems/journey-1.0.4/lib/journey/router.rb:56:in `call'
/usr/local/rvm/gems/ruby-1.9.3-p194/gems/actionpack-3.2.9/lib/action_dispatch/routing/route_set.rb:601:in `call'
/usr/local/rvm/gems/ruby-1.9.3-p194/gems/actionpack-3.2.9/lib/action_dispatch/middleware/best_standards_support.rb:17:in `call'
/usr/local/rvm/gems/ruby-1.9.3-p194/gems/rack-1.4.1/lib/rack/etag.rb:23:in `call'
/usr/local/rvm/gems/ruby-1.9.3-p194/gems/rack-1.4.1/lib/rack/conditionalget.rb:25:in `call'
/usr/local/rvm/gems/ruby-1.9.3-p194/gems/actionpack-3.2.9/lib/action_dispatch/middleware/head.rb:14:in `call'
/usr/local/rvm/gems/ruby-1.9.3-p194/gems/actionpack-3.2.9/lib/action_dispatch/middleware/params_parser.rb:21:in `call'
/usr/local/rvm/gems/ruby-1.9.3-p194/gems/actionpack-3.2.9/lib/action_dispatch/middleware/flash.rb:242:in `call'
/usr/local/rvm/gems/ruby-1.9.3-p194/gems/rack-1.4.1/lib/rack/session/abstract/id.rb:205:in `context'
/usr/local/rvm/gems/ruby-1.9.3-p194/gems/rack-1.4.1/lib/rack/session/abstract/id.rb:200:in `call'
/usr/local/rvm/gems/ruby-1.9.3-p194/gems/actionpack-3.2.9/lib/action_dispatch/middleware/cookies.rb:341:in `call'
/usr/local/rvm/gems/ruby-1.9.3-p194/gems/activerecord-3.2.9/lib/active_record/query_cache.rb:64:in `call'
/usr/local/rvm/gems/ruby-1.9.3-p194/gems/activerecord-3.2.9/lib/active_record/connection_adapters/abstract/connection_pool.rb:479:in `call'
/usr/local/rvm/gems/ruby-1.9.3-p194/gems/actionpack-3.2.9/lib/action_dispatch/middleware/callbacks.rb:28:in `block in call'
/usr/local/rvm/gems/ruby-1.9.3-p194/gems/activesupport-3.2.9/lib/active_support/callbacks.rb:405:in `_run__3513146080833939109__call__449430575359294775__callbacks'
/usr/local/rvm/gems/ruby-1.9.3-p194/gems/activesupport-3.2.9/lib/active_support/callbacks.rb:405:in `__run_callback'
/usr/local/rvm/gems/ruby-1.9.3-p194/gems/activesupport-3.2.9/lib/active_support/callbacks.rb:385:in `_run_call_callbacks'
/usr/local/rvm/gems/ruby-1.9.3-p194/gems/activesupport-3.2.9/lib/active_support/callbacks.rb:81:in `run_callbacks'
/usr/local/rvm/gems/ruby-1.9.3-p194/gems/actionpack-3.2.9/lib/action_dispatch/middleware/callbacks.rb:27:in `call'
/usr/local/rvm/gems/ruby-1.9.3-p194/gems/actionpack-3.2.9/lib/action_dispatch/middleware/reloader.rb:65:in `call'
/usr/local/rvm/gems/ruby-1.9.3-p194/gems/actionpack-3.2.9/lib/action_dispatch/middleware/remote_ip.rb:31:in `call'
/usr/local/rvm/gems/ruby-1.9.3-p194/gems/actionpack-3.2.9/lib/action_dispatch/middleware/debug_exceptions.rb:16:in `call'
/usr/local/rvm/gems/ruby-1.9.3-p194/gems/actionpack-3.2.9/lib/action_dispatch/middleware/show_exceptions.rb:56:in `call'
/usr/local/rvm/gems/ruby-1.9.3-p194/gems/railties-3.2.9/lib/rails/rack/logger.rb:32:in `call_app'
/usr/local/rvm/gems/ruby-1.9.3-p194/gems/railties-3.2.9/lib/rails/rack/logger.rb:16:in `block in call'
/usr/local/rvm/gems/ruby-1.9.3-p194/gems/activesupport-3.2.9/lib/active_support/tagged_logging.rb:22:in `tagged'
/usr/local/rvm/gems/ruby-1.9.3-p194/gems/railties-3.2.9/lib/rails/rack/logger.rb:16:in `call'
/usr/local/rvm/gems/ruby-1.9.3-p194/gems/quiet_assets-1.0.1/lib/quiet_assets.rb:20:in `call_with_quiet_assets'
/usr/local/rvm/gems/ruby-1.9.3-p194/gems/actionpack-3.2.9/lib/action_dispatch/middleware/request_id.rb:22:in `call'
/usr/local/rvm/gems/ruby-1.9.3-p194/gems/rack-1.4.1/lib/rack/methodoverride.rb:21:in `call'
/usr/local/rvm/gems/ruby-1.9.3-p194/gems/rack-1.4.1/lib/rack/runtime.rb:17:in `call'
/usr/local/rvm/gems/ruby-1.9.3-p194/gems/activesupport-3.2.9/lib/active_support/cache/strategy/local_cache.rb:72:in `call'
/usr/local/rvm/gems/ruby-1.9.3-p194/gems/rack-1.4.1/lib/rack/lock.rb:15:in `call'
/usr/local/rvm/gems/ruby-1.9.3-p194/gems/actionpack-3.2.9/lib/action_dispatch/middleware/static.rb:62:in `call'
/usr/local/rvm/gems/ruby-1.9.3-p194/gems/railties-3.2.9/lib/rails/engine.rb:479:in `call'
/usr/local/rvm/gems/ruby-1.9.3-p194/gems/railties-3.2.9/lib/rails/application.rb:223:in `call'
/usr/local/rvm/gems/ruby-1.9.3-p194/gems/rack-1.4.1/lib/rack/content_length.rb:14:in `call'
/usr/local/rvm/gems/ruby-1.9.3-p194/gems/railties-3.2.9/lib/rails/rack/log_tailer.rb:17:in `call'
/usr/local/rvm/gems/ruby-1.9.3-p194/gems/thin-1.5.0/lib/thin/connection.rb:81:in `block in pre_process'
/usr/local/rvm/gems/ruby-1.9.3-p194/gems/thin-1.5.0/lib/thin/connection.rb:79:in `catch'
/usr/local/rvm/gems/ruby-1.9.3-p194/gems/thin-1.5.0/lib/thin/connection.rb:79:in `pre_process'
/usr/local/rvm/gems/ruby-1.9.3-p194/gems/thin-1.5.0/lib/thin/connection.rb:54:in `process'
/usr/local/rvm/gems/ruby-1.9.3-p194/gems/thin-1.5.0/lib/thin/connection.rb:39:in `receive_data'
/usr/local/rvm/gems/ruby-1.9.3-p194/gems/eventmachine-1.0.0/lib/eventmachine.rb:187:in `run_machine'
/usr/local/rvm/gems/ruby-1.9.3-p194/gems/eventmachine-1.0.0/lib/eventmachine.rb:187:in `run'
/usr/local/rvm/gems/ruby-1.9.3-p194/gems/thin-1.5.0/lib/thin/backends/base.rb:63:in `start'
/usr/local/rvm/gems/ruby-1.9.3-p194/gems/thin-1.5.0/lib/thin/server.rb:159:in `start'
/usr/local/rvm/gems/ruby-1.9.3-p194/gems/rack-1.4.1/lib/rack/handler/thin.rb:13:in `run'
/usr/local/rvm/gems/ruby-1.9.3-p194/gems/rack-1.4.1/lib/rack/server.rb:265:in `start'
/usr/local/rvm/gems/ruby-1.9.3-p194/gems/railties-3.2.9/lib/rails/commands/server.rb:70:in `start'
/usr/local/rvm/gems/ruby-1.9.3-p194/gems/railties-3.2.9/lib/rails/commands.rb:55:in `block in <top (required)>'
/usr/local/rvm/gems/ruby-1.9.3-p194/gems/railties-3.2.9/lib/rails/commands.rb:50:in `tap'
/usr/local/rvm/gems/ruby-1.9.3-p194/gems/railties-3.2.9/lib/rails/commands.rb:50:in `<top (required)>'
script/rails:6:in `require'
script/rails:6:in `<main>'
  Rendered fortunes/edit.html.erb within layouts/application (6.2ms)
Completed 500 Internal Server Error in 173ms

ActionView::Template::Error (/home/studinf/msarzynska/asi/v3/fortunka+wyglad/app/views/fortunes/edit.html.erb:4: syntax error, unexpected ')', expecting keyword_end
...del_class.model_name.human}") );@output_buffer.safe_concat('...
...                               ^):
    1: <%- model_class = Fortune -%>
    2: <div class="page-header">
    3:   <h1><%=t 'edit', :model => model_class.model_name.human,
    4:                                    :default => "Edit #{model_class.model_name.human}") %></h1>
    5: </div>
    6: <%= render :partial => 'form' %>
  actionpack (3.2.9) lib/action_view/template.rb:297:in `module_eval'
  actionpack (3.2.9) lib/action_view/template.rb:297:in `compile'
  actionpack (3.2.9) lib/action_view/template.rb:244:in `block in compile!'
  <internal:prelude>:10:in `synchronize'
  actionpack (3.2.9) lib/action_view/template.rb:232:in `compile!'
  actionpack (3.2.9) lib/action_view/template.rb:144:in `block in render'
  activesupport (3.2.9) lib/active_support/notifications.rb:125:in `instrument'
  actionpack (3.2.9) lib/action_view/template.rb:143:in `render'
  actionpack (3.2.9) lib/action_view/renderer/template_renderer.rb:47:in `block (2 levels) in render_template'
  actionpack (3.2.9) lib/action_view/renderer/abstract_renderer.rb:38:in `block in instrument'
  activesupport (3.2.9) lib/active_support/notifications.rb:123:in `block in instrument'
  activesupport (3.2.9) lib/active_support/notifications/instrumenter.rb:20:in `instrument'
  activesupport (3.2.9) lib/active_support/notifications.rb:123:in `instrument'
  actionpack (3.2.9) lib/action_view/renderer/abstract_renderer.rb:38:in `instrument'
  actionpack (3.2.9) lib/action_view/renderer/template_renderer.rb:46:in `block in render_template'
  actionpack (3.2.9) lib/action_view/renderer/template_renderer.rb:54:in `render_with_layout'
  actionpack (3.2.9) lib/action_view/renderer/template_renderer.rb:45:in `render_template'
  actionpack (3.2.9) lib/action_view/renderer/template_renderer.rb:18:in `render'
  actionpack (3.2.9) lib/action_view/renderer/renderer.rb:36:in `render_template'
  actionpack (3.2.9) lib/action_view/renderer/renderer.rb:17:in `render'
  actionpack (3.2.9) lib/abstract_controller/rendering.rb:110:in `_render_template'
  actionpack (3.2.9) lib/action_controller/metal/streaming.rb:225:in `_render_template'
  actionpack (3.2.9) lib/abstract_controller/rendering.rb:103:in `render_to_body'
  actionpack (3.2.9) lib/action_controller/metal/renderers.rb:28:in `render_to_body'
  actionpack (3.2.9) lib/action_controller/metal/compatibility.rb:50:in `render_to_body'
  actionpack (3.2.9) lib/abstract_controller/rendering.rb:88:in `render'
  actionpack (3.2.9) lib/action_controller/metal/rendering.rb:16:in `render'
  actionpack (3.2.9) lib/action_controller/metal/instrumentation.rb:40:in `block (2 levels) in render'
  activesupport (3.2.9) lib/active_support/core_ext/benchmark.rb:5:in `block in ms'
  /usr/local/rvm/rubies/ruby-1.9.3-p194/lib/ruby/1.9.1/benchmark.rb:295:in `realtime'
  activesupport (3.2.9) lib/active_support/core_ext/benchmark.rb:5:in `ms'
  actionpack (3.2.9) lib/action_controller/metal/instrumentation.rb:40:in `block in render'
  actionpack (3.2.9) lib/action_controller/metal/instrumentation.rb:83:in `cleanup_view_runtime'
  activerecord (3.2.9) lib/active_record/railties/controller_runtime.rb:24:in `cleanup_view_runtime'
  actionpack (3.2.9) lib/action_controller/metal/instrumentation.rb:39:in `render'
  actionpack (3.2.9) lib/action_controller/metal/implicit_render.rb:10:in `default_render'
  actionpack (3.2.9) lib/action_controller/metal/implicit_render.rb:5:in `send_action'
  actionpack (3.2.9) lib/abstract_controller/base.rb:167:in `process_action'
  actionpack (3.2.9) lib/action_controller/metal/rendering.rb:10:in `process_action'
  actionpack (3.2.9) lib/abstract_controller/callbacks.rb:18:in `block in process_action'
  activesupport (3.2.9) lib/active_support/callbacks.rb:414:in `_run__1605855499940737296__process_action__2064370281813584510__callbacks'
  activesupport (3.2.9) lib/active_support/callbacks.rb:405:in `__run_callback'
  activesupport (3.2.9) lib/active_support/callbacks.rb:385:in `_run_process_action_callbacks'
  activesupport (3.2.9) lib/active_support/callbacks.rb:81:in `run_callbacks'
  actionpack (3.2.9) lib/abstract_controller/callbacks.rb:17:in `process_action'
  actionpack (3.2.9) lib/action_controller/metal/rescue.rb:29:in `process_action'
  actionpack (3.2.9) lib/action_controller/metal/instrumentation.rb:30:in `block in process_action'
  activesupport (3.2.9) lib/active_support/notifications.rb:123:in `block in instrument'
  activesupport (3.2.9) lib/active_support/notifications/instrumenter.rb:20:in `instrument'
  activesupport (3.2.9) lib/active_support/notifications.rb:123:in `instrument'
  actionpack (3.2.9) lib/action_controller/metal/instrumentation.rb:29:in `process_action'
  actionpack (3.2.9) lib/action_controller/metal/params_wrapper.rb:207:in `process_action'
  activerecord (3.2.9) lib/active_record/railties/controller_runtime.rb:18:in `process_action'
  actionpack (3.2.9) lib/abstract_controller/base.rb:121:in `process'
  actionpack (3.2.9) lib/abstract_controller/rendering.rb:45:in `process'
  actionpack (3.2.9) lib/action_controller/metal.rb:203:in `dispatch'
  actionpack (3.2.9) lib/action_controller/metal/rack_delegation.rb:14:in `dispatch'
  actionpack (3.2.9) lib/action_controller/metal.rb:246:in `block in action'
  actionpack (3.2.9) lib/action_dispatch/routing/route_set.rb:73:in `call'
  actionpack (3.2.9) lib/action_dispatch/routing/route_set.rb:73:in `dispatch'
  actionpack (3.2.9) lib/action_dispatch/routing/route_set.rb:36:in `call'
  journey (1.0.4) lib/journey/router.rb:68:in `block in call'
  journey (1.0.4) lib/journey/router.rb:56:in `each'
  journey (1.0.4) lib/journey/router.rb:56:in `call'
  actionpack (3.2.9) lib/action_dispatch/routing/route_set.rb:601:in `call'
  actionpack (3.2.9) lib/action_dispatch/middleware/best_standards_support.rb:17:in `call'
  rack (1.4.1) lib/rack/etag.rb:23:in `call'
  rack (1.4.1) lib/rack/conditionalget.rb:25:in `call'
  actionpack (3.2.9) lib/action_dispatch/middleware/head.rb:14:in `call'
  actionpack (3.2.9) lib/action_dispatch/middleware/params_parser.rb:21:in `call'
  actionpack (3.2.9) lib/action_dispatch/middleware/flash.rb:242:in `call'
  rack (1.4.1) lib/rack/session/abstract/id.rb:205:in `context'
  rack (1.4.1) lib/rack/session/abstract/id.rb:200:in `call'
  actionpack (3.2.9) lib/action_dispatch/middleware/cookies.rb:341:in `call'
  activerecord (3.2.9) lib/active_record/query_cache.rb:64:in `call'
  activerecord (3.2.9) lib/active_record/connection_adapters/abstract/connection_pool.rb:479:in `call'
  actionpack (3.2.9) lib/action_dispatch/middleware/callbacks.rb:28:in `block in call'
  activesupport (3.2.9) lib/active_support/callbacks.rb:405:in `_run__3513146080833939109__call__449430575359294775__callbacks'
  activesupport (3.2.9) lib/active_support/callbacks.rb:405:in `__run_callback'
  activesupport (3.2.9) lib/active_support/callbacks.rb:385:in `_run_call_callbacks'
  activesupport (3.2.9) lib/active_support/callbacks.rb:81:in `run_callbacks'
  actionpack (3.2.9) lib/action_dispatch/middleware/callbacks.rb:27:in `call'
  actionpack (3.2.9) lib/action_dispatch/middleware/reloader.rb:65:in `call'
  actionpack (3.2.9) lib/action_dispatch/middleware/remote_ip.rb:31:in `call'
  actionpack (3.2.9) lib/action_dispatch/middleware/debug_exceptions.rb:16:in `call'
  actionpack (3.2.9) lib/action_dispatch/middleware/show_exceptions.rb:56:in `call'
  railties (3.2.9) lib/rails/rack/logger.rb:32:in `call_app'
  railties (3.2.9) lib/rails/rack/logger.rb:16:in `block in call'
  activesupport (3.2.9) lib/active_support/tagged_logging.rb:22:in `tagged'
  railties (3.2.9) lib/rails/rack/logger.rb:16:in `call'
  quiet_assets (1.0.1) lib/quiet_assets.rb:20:in `call_with_quiet_assets'
  actionpack (3.2.9) lib/action_dispatch/middleware/request_id.rb:22:in `call'
  rack (1.4.1) lib/rack/methodoverride.rb:21:in `call'
  rack (1.4.1) lib/rack/runtime.rb:17:in `call'
  activesupport (3.2.9) lib/active_support/cache/strategy/local_cache.rb:72:in `call'
  rack (1.4.1) lib/rack/lock.rb:15:in `call'
  actionpack (3.2.9) lib/action_dispatch/middleware/static.rb:62:in `call'
  railties (3.2.9) lib/rails/engine.rb:479:in `call'
  railties (3.2.9) lib/rails/application.rb:223:in `call'
  rack (1.4.1) lib/rack/content_length.rb:14:in `call'
  railties (3.2.9) lib/rails/rack/log_tailer.rb:17:in `call'
  thin (1.5.0) lib/thin/connection.rb:81:in `block in pre_process'
  thin (1.5.0) lib/thin/connection.rb:79:in `catch'
  thin (1.5.0) lib/thin/connection.rb:79:in `pre_process'
  thin (1.5.0) lib/thin/connection.rb:54:in `process'
  thin (1.5.0) lib/thin/connection.rb:39:in `receive_data'
  eventmachine (1.0.0) lib/eventmachine.rb:187:in `run_machine'
  eventmachine (1.0.0) lib/eventmachine.rb:187:in `run'
  thin (1.5.0) lib/thin/backends/base.rb:63:in `start'
  thin (1.5.0) lib/thin/server.rb:159:in `start'
  rack (1.4.1) lib/rack/handler/thin.rb:13:in `run'
  rack (1.4.1) lib/rack/server.rb:265:in `start'
  railties (3.2.9) lib/rails/commands/server.rb:70:in `start'
  railties (3.2.9) lib/rails/commands.rb:55:in `block in <top (required)>'
  railties (3.2.9) lib/rails/commands.rb:50:in `tap'
  railties (3.2.9) lib/rails/commands.rb:50:in `<top (required)>'
  script/rails:6:in `require'
  script/rails:6:in `<main>'


  Rendered /usr/local/rvm/gems/ruby-1.9.3-p194/gems/actionpack-3.2.9/lib/action_dispatch/middleware/templates/rescues/_trace.erb (1.0ms)
  Rendered /usr/local/rvm/gems/ruby-1.9.3-p194/gems/actionpack-3.2.9/lib/action_dispatch/middleware/templates/rescues/_request_and_response.erb (0.7ms)
  Rendered /usr/local/rvm/gems/ruby-1.9.3-p194/gems/actionpack-3.2.9/lib/action_dispatch/middleware/templates/rescues/template_error.erb within rescues/layout (6.4ms)
Connecting to database specified by database.yml


Started GET "/" for 153.19.217.72 at 2012-12-03 10:53:11 +0100
Processing by FortunesController#index as HTML
  [1m[36mFortune Load (39.5ms)[0m  [1mSELECT "fortunes".* FROM "fortunes" [0m
  Rendered fortunes/index.html.erb within layouts/application (263.1ms)
  Rendered shared/_navbar.html.erb (0.4ms)
Completed 200 OK in 1120ms (Views: 792.8ms | ActiveRecord: 241.7ms)


Started GET "/fortunes/2/edit" for 153.19.217.72 at 2012-12-03 10:53:21 +0100
Processing by FortunesController#edit as HTML
  Parameters: {"id"=>"2"}
  [1m[35mFortune Load (117.8ms)[0m  SELECT "fortunes".* FROM "fortunes" WHERE "fortunes"."id" = ? LIMIT 1  [["id", "2"]]
  Rendered fortunes/_form.html.erb (266.1ms)
  Rendered fortunes/edit.html.erb within layouts/application (268.7ms)
  Rendered shared/_navbar.html.erb (0.1ms)
Completed 200 OK in 489ms (Views: 368.9ms | ActiveRecord: 117.8ms)
Connecting to database specified by database.yml


Started GET "/" for 153.19.217.72 at 2012-12-03 10:55:30 +0100
Processing by FortunesController#index as HTML
  [1m[36mFortune Load (79.4ms)[0m  [1mSELECT "fortunes".* FROM "fortunes" [0m
  [1m[35mEXPLAIN (0.1ms)[0m  EXPLAIN QUERY PLAN SELECT "fortunes".* FROM "fortunes" 
EXPLAIN for: SELECT "fortunes".* FROM "fortunes" 
0|0|0|SCAN TABLE fortunes (~1000000 rows)

  Rendered fortunes/index.html.erb within layouts/application (263.6ms)
  Rendered shared/_navbar.html.erb (0.6ms)
Completed 200 OK in 1142ms (Views: 551.2ms | ActiveRecord: 508.8ms)


Started GET "/fortunes/new" for 153.19.217.72 at 2012-12-03 10:55:36 +0100
Processing by FortunesController#new as HTML
  Rendered fortunes/_form.html.erb (281.3ms)
  Rendered fortunes/new.html.erb within layouts/application (284.0ms)
  Rendered shared/_navbar.html.erb (0.1ms)
Completed 200 OK in 422ms (Views: 421.4ms | ActiveRecord: 0.0ms)
Connecting to database specified by database.yml


Started GET "/" for 153.19.217.72 at 2012-12-03 10:56:52 +0100
Processing by FortunesController#index as HTML
  [1m[36mFortune Load (78.3ms)[0m  [1mSELECT "fortunes".* FROM "fortunes" [0m
  Rendered fortunes/index.html.erb within layouts/application (259.6ms)
  Rendered shared/_navbar.html.erb (0.5ms)
Completed 200 OK in 929ms (Views: 545.6ms | ActiveRecord: 301.0ms)


Started GET "/" for 153.19.217.72 at 2012-12-03 10:56:59 +0100
Processing by FortunesController#index as HTML
  [1m[35mFortune Load (118.3ms)[0m  SELECT "fortunes".* FROM "fortunes" 
  Rendered fortunes/index.html.erb within layouts/application (6.8ms)
  Rendered shared/_navbar.html.erb (0.1ms)
Completed 200 OK in 219ms (Views: 99.5ms | ActiveRecord: 118.3ms)


Started GET "/fortunes/new" for 153.19.217.72 at 2012-12-03 10:57:03 +0100
Processing by FortunesController#new as HTML
  Rendered fortunes/_form.html.erb (273.3ms)
  Rendered fortunes/new.html.erb within layouts/application (275.3ms)
  Rendered shared/_navbar.html.erb (0.1ms)
Completed 200 OK in 334ms (Views: 333.4ms | ActiveRecord: 0.0ms)


Started POST "/fortunes" for 153.19.217.72 at 2012-12-03 10:57:07 +0100
Processing by FortunesController#create as HTML
  Parameters: {"utf8"=>"✓", "authenticity_token"=>"7btjbGaZJbTqzKUbxsvm2rTKY1JXkjC4IQpiOl5dlBY=", "fortune"=>{"quotation"=>"", "source"=>"", "data(1i)"=>"2012", "data(2i)"=>"12", "data(3i)"=>"3"}, "commit"=>"Create Fortune"}
  [1m[36m (0.1ms)[0m  [1mbegin transaction[0m
  [1m[35mSQL (165.7ms)[0m  INSERT INTO "fortunes" ("created_at", "data", "quotation", "source", "updated_at") VALUES (?, ?, ?, ?, ?)  [["created_at", Mon, 03 Dec 2012 09:57:07 UTC +00:00], ["data", Mon, 03 Dec 2012], ["quotation", ""], ["source", ""], ["updated_at", Mon, 03 Dec 2012 09:57:07 UTC +00:00]]
  [1m[36m (312.0ms)[0m  [1mcommit transaction[0m
Redirected to http://sigma.ug.edu.pl:16012/fortunes/6
Completed 302 Found in 483ms (ActiveRecord: 477.7ms)


Started GET "/fortunes/6" for 153.19.217.72 at 2012-12-03 10:57:07 +0100
Processing by FortunesController#show as HTML
  Parameters: {"id"=>"6"}
  [1m[35mFortune Load (121.0ms)[0m  SELECT "fortunes".* FROM "fortunes" WHERE "fortunes"."id" = ? LIMIT 1  [["id", "6"]]
  Rendered fortunes/show.html.erb within layouts/application (3.2ms)
  Rendered shared/_navbar.html.erb (0.1ms)
Completed 200 OK in 187ms (Views: 63.2ms | ActiveRecord: 121.0ms)


Started POST "/fortunes" for 153.19.217.72 at 2012-12-03 10:57:22 +0100
Processing by FortunesController#create as HTML
  Parameters: {"utf8"=>"✓", "authenticity_token"=>"7btjbGaZJbTqzKUbxsvm2rTKY1JXkjC4IQpiOl5dlBY=", "fortune"=>{"quotation"=>"sd", "source"=>"", "data(1i)"=>"2012", "data(2i)"=>"12", "data(3i)"=>"3"}, "commit"=>"Create Fortune"}
  [1m[36m (0.1ms)[0m  [1mbegin transaction[0m
  [1m[35mSQL (159.2ms)[0m  INSERT INTO "fortunes" ("created_at", "data", "quotation", "source", "updated_at") VALUES (?, ?, ?, ?, ?)  [["created_at", Mon, 03 Dec 2012 09:57:22 UTC +00:00], ["data", Mon, 03 Dec 2012], ["quotation", "sd"], ["source", ""], ["updated_at", Mon, 03 Dec 2012 09:57:22 UTC +00:00]]
  [1m[36m (232.9ms)[0m  [1mcommit transaction[0m
Redirected to http://sigma.ug.edu.pl:16012/fortunes/7
Completed 302 Found in 395ms (ActiveRecord: 392.2ms)


Started GET "/fortunes/7" for 153.19.217.72 at 2012-12-03 10:57:22 +0100
Processing by FortunesController#show as HTML
  Parameters: {"id"=>"7"}
  [1m[35mFortune Load (119.1ms)[0m  SELECT "fortunes".* FROM "fortunes" WHERE "fortunes"."id" = ? LIMIT 1  [["id", "7"]]
  Rendered fortunes/show.html.erb within layouts/application (2.0ms)
  Rendered shared/_navbar.html.erb (0.1ms)
Completed 200 OK in 182ms (Views: 61.9ms | ActiveRecord: 119.1ms)


Started GET "/" for 153.19.217.72 at 2012-12-03 10:57:38 +0100
Processing by FortunesController#index as HTML
  [1m[36mFortune Load (118.3ms)[0m  [1mSELECT "fortunes".* FROM "fortunes" [0m
  Rendered fortunes/index.html.erb within layouts/application (9.2ms)
  Rendered shared/_navbar.html.erb (0.1ms)
Completed 200 OK in 187ms (Views: 68.1ms | ActiveRecord: 118.3ms)
Connecting to database specified by database.yml


Started GET "/" for 153.19.217.72 at 2012-12-03 11:00:14 +0100
Processing by FortunesController#index as HTML
  [1m[36mFortune Load (39.4ms)[0m  [1mSELECT "fortunes".* FROM "fortunes" [0m
  Rendered fortunes/index.html.erb within layouts/application (262.9ms)
  Rendered shared/_navbar.html.erb (0.5ms)
Completed 200 OK in 1287ms (Views: 841.1ms | ActiveRecord: 357.1ms)


Started DELETE "/fortunes/6" for 153.19.217.72 at 2012-12-03 11:00:25 +0100
Processing by FortunesController#destroy as HTML
  Parameters: {"authenticity_token"=>"7btjbGaZJbTqzKUbxsvm2rTKY1JXkjC4IQpiOl5dlBY=", "id"=>"6"}
  [1m[35mFortune Load (118.5ms)[0m  SELECT "fortunes".* FROM "fortunes" WHERE "fortunes"."id" = ? LIMIT 1  [["id", "6"]]
  [1m[36m (0.0ms)[0m  [1mbegin transaction[0m
  [1m[35mSQL (119.7ms)[0m  DELETE FROM "fortunes" WHERE "fortunes"."id" = ?  [["id", 6]]
  [1m[36m (155.6ms)[0m  [1mcommit transaction[0m
Redirected to http://sigma.ug.edu.pl:16012/fortunes
Completed 302 Found in 398ms (ActiveRecord: 393.8ms)


Started GET "/fortunes" for 153.19.217.72 at 2012-12-03 11:00:26 +0100
Processing by FortunesController#index as HTML
  [1m[35mFortune Load (118.2ms)[0m  SELECT "fortunes".* FROM "fortunes" 
  Rendered fortunes/index.html.erb within layouts/application (8.4ms)
  Rendered shared/_navbar.html.erb (0.1ms)
Completed 200 OK in 188ms (Views: 68.3ms | ActiveRecord: 118.2ms)


Started DELETE "/fortunes/7" for 153.19.217.72 at 2012-12-03 11:00:28 +0100
Processing by FortunesController#destroy as HTML
  Parameters: {"authenticity_token"=>"7btjbGaZJbTqzKUbxsvm2rTKY1JXkjC4IQpiOl5dlBY=", "id"=>"7"}
  [1m[36mFortune Load (119.9ms)[0m  [1mSELECT "fortunes".* FROM "fortunes" WHERE "fortunes"."id" = ? LIMIT 1[0m  [["id", "7"]]
  [1m[35m (0.1ms)[0m  begin transaction
  [1m[36mSQL (80.1ms)[0m  [1mDELETE FROM "fortunes" WHERE "fortunes"."id" = ?[0m  [["id", 7]]
  [1m[35m (156.2ms)[0m  commit transaction
Redirected to http://sigma.ug.edu.pl:16012/fortunes
Completed 302 Found in 358ms (ActiveRecord: 356.2ms)


Started GET "/fortunes" for 153.19.217.72 at 2012-12-03 11:00:28 +0100
Processing by FortunesController#index as HTML
  [1m[36mFortune Load (79.7ms)[0m  [1mSELECT "fortunes".* FROM "fortunes" [0m
  Rendered fortunes/index.html.erb within layouts/application (6.4ms)
  Rendered shared/_navbar.html.erb (0.1ms)
Completed 200 OK in 159ms (Views: 78.3ms | ActiveRecord: 79.7ms)


Started GET "/fortunes/new" for 153.19.217.72 at 2012-12-03 11:00:30 +0100
Processing by FortunesController#new as HTML
  Rendered fortunes/_form.html.erb (237.1ms)
  Rendered fortunes/new.html.erb within layouts/application (239.4ms)
  Rendered shared/_navbar.html.erb (0.1ms)
Completed 200 OK in 329ms (Views: 328.2ms | ActiveRecord: 0.0ms)


Started POST "/fortunes" for 153.19.217.72 at 2012-12-03 11:00:34 +0100
Processing by FortunesController#create as HTML
  Parameters: {"utf8"=>"✓", "authenticity_token"=>"7btjbGaZJbTqzKUbxsvm2rTKY1JXkjC4IQpiOl5dlBY=", "fortune"=>{"data(1i)"=>"2012", "data(2i)"=>"12", "data(3i)"=>"3", "quotation"=>"sfef", "source"=>""}, "commit"=>"Create Fortune"}
  [1m[35m (0.1ms)[0m  begin transaction
  [1m[36mSQL (159.6ms)[0m  [1mINSERT INTO "fortunes" ("created_at", "data", "quotation", "source", "updated_at") VALUES (?, ?, ?, ?, ?)[0m  [["created_at", Mon, 03 Dec 2012 10:00:34 UTC +00:00], ["data", Mon, 03 Dec 2012], ["quotation", "sfef"], ["source", ""], ["updated_at", Mon, 03 Dec 2012 10:00:34 UTC +00:00]]
  [1m[35m (308.9ms)[0m  commit transaction
Redirected to http://sigma.ug.edu.pl:16012/fortunes/8
Completed 302 Found in 473ms (ActiveRecord: 468.6ms)


Started GET "/fortunes/8" for 153.19.217.72 at 2012-12-03 11:00:35 +0100
Processing by FortunesController#show as HTML
  Parameters: {"id"=>"8"}
  [1m[36mFortune Load (86.8ms)[0m  [1mSELECT "fortunes".* FROM "fortunes" WHERE "fortunes"."id" = ? LIMIT 1[0m  [["id", "8"]]
  Rendered fortunes/show.html.erb within layouts/application (3.2ms)
  Rendered shared/_navbar.html.erb (0.1ms)
Completed 200 OK in 149ms (Views: 60.0ms | ActiveRecord: 86.8ms)


Started GET "/fortunes/8/edit" for 153.19.217.72 at 2012-12-03 11:00:45 +0100
Processing by FortunesController#edit as HTML
  Parameters: {"id"=>"8"}
  [1m[35mFortune Load (120.4ms)[0m  SELECT "fortunes".* FROM "fortunes" WHERE "fortunes"."id" = ? LIMIT 1  [["id", "8"]]
  Rendered fortunes/_form.html.erb (10.1ms)
  Rendered fortunes/edit.html.erb within layouts/application (12.5ms)
  Rendered shared/_navbar.html.erb (0.1ms)
Completed 200 OK in 190ms (Views: 67.9ms | ActiveRecord: 120.4ms)


Started GET "/fortunes" for 153.19.217.72 at 2012-12-03 11:00:48 +0100
Processing by FortunesController#index as HTML
  [1m[36mFortune Load (119.2ms)[0m  [1mSELECT "fortunes".* FROM "fortunes" [0m
  Rendered fortunes/index.html.erb within layouts/application (8.1ms)
  Rendered shared/_navbar.html.erb (0.1ms)
Completed 200 OK in 188ms (Views: 66.9ms | ActiveRecord: 119.2ms)


Started DELETE "/fortunes/8" for 153.19.217.72 at 2012-12-03 11:00:55 +0100
Processing by FortunesController#destroy as HTML
  Parameters: {"authenticity_token"=>"7btjbGaZJbTqzKUbxsvm2rTKY1JXkjC4IQpiOl5dlBY=", "id"=>"8"}
  [1m[35mFortune Load (118.4ms)[0m  SELECT "fortunes".* FROM "fortunes" WHERE "fortunes"."id" = ? LIMIT 1  [["id", "8"]]
  [1m[36m (0.1ms)[0m  [1mbegin transaction[0m
  [1m[35mSQL (79.8ms)[0m  DELETE FROM "fortunes" WHERE "fortunes"."id" = ?  [["id", 8]]
  [1m[36m (152.8ms)[0m  [1mcommit transaction[0m
Redirected to http://sigma.ug.edu.pl:16012/fortunes
Completed 302 Found in 354ms (ActiveRecord: 351.1ms)


Started GET "/fortunes" for 153.19.217.72 at 2012-12-03 11:00:55 +0100
Processing by FortunesController#index as HTML
  [1m[35mFortune Load (119.4ms)[0m  SELECT "fortunes".* FROM "fortunes" 
  Rendered fortunes/index.html.erb within layouts/application (6.9ms)
  Rendered shared/_navbar.html.erb (0.1ms)
Completed 200 OK in 186ms (Views: 66.1ms | ActiveRecord: 119.4ms)
Connecting to database specified by database.yml


Started GET "/fortunes" for 153.19.217.72 at 2012-12-03 11:05:11 +0100
Processing by FortunesController#index as HTML
  [1m[36mFortune Load (39.4ms)[0m  [1mSELECT "fortunes".* FROM "fortunes" [0m
  Rendered fortunes/index.html.erb within layouts/application (301.0ms)
  Rendered shared/_navbar.html.erb (0.4ms)
Completed 200 OK in 1319ms (Views: 995.3ms | ActiveRecord: 239.6ms)
Connecting to database specified by database.yml


Started GET "/fortunes" for 153.19.217.72 at 2012-12-03 11:06:02 +0100
Processing by FortunesController#index as HTML
  [1m[36mFortune Load (39.5ms)[0m  [1mSELECT "fortunes".* FROM "fortunes" [0m
  Rendered fortunes/index.html.erb within layouts/application (252.1ms)
  Rendered shared/_navbar.html.erb (0.4ms)
Completed 200 OK in 942ms (Views: 621.2ms | ActiveRecord: 240.9ms)
Connecting to database specified by database.yml


Started GET "/fortunes" for 153.19.217.72 at 2012-12-03 11:08:04 +0100
Processing by FortunesController#index as HTML
  [1m[36mFortune Load (79.4ms)[0m  [1mSELECT "fortunes".* FROM "fortunes" [0m
  Rendered fortunes/index.html.erb within layouts/application (297.9ms)
  Rendered shared/_navbar.html.erb (0.4ms)
Completed 200 OK in 1026ms (Views: 615.1ms | ActiveRecord: 324.5ms)


Started GET "/" for 153.19.217.72 at 2012-12-03 11:08:24 +0100
Processing by FortunesController#index as HTML
  [1m[35mFortune Load (120.4ms)[0m  SELECT "fortunes".* FROM "fortunes" 
  Rendered fortunes/index.html.erb within layouts/application (5.5ms)
  Rendered shared/_navbar.html.erb (0.1ms)
Completed 200 OK in 229ms (Views: 107.8ms | ActiveRecord: 120.4ms)
Connecting to database specified by database.yml


Started GET "/" for 153.19.217.72 at 2012-12-03 11:21:53 +0100

SyntaxError (/home/studinf/msarzynska/asi/v3/fortunka+wyglad/app/models/fortune.rb:2: syntax error, unexpected ':', expecting keyword_end
  validates_presence_of :question :if => :good?
                                   ^
/home/studinf/msarzynska/asi/v3/fortunka+wyglad/app/models/fortune.rb:7: syntax error, unexpected ':'
   length.minimum: 8 && length.maximum: 128 
                  ^
/home/studinf/msarzynska/asi/v3/fortunka+wyglad/app/models/fortune.rb:7: syntax error, unexpected ':', expecting keyword_end
   length.minimum: 8 && length.maximum: 128 
                                       ^):
  app/controllers/fortunes_controller.rb:1:in `<top (required)>'


  Rendered /usr/local/rvm/gems/ruby-1.9.3-p194/gems/actionpack-3.2.9/lib/action_dispatch/middleware/templates/rescues/_trace.erb (1.0ms)
  Rendered /usr/local/rvm/gems/ruby-1.9.3-p194/gems/actionpack-3.2.9/lib/action_dispatch/middleware/templates/rescues/_request_and_response.erb (31.2ms)
  Rendered /usr/local/rvm/gems/ruby-1.9.3-p194/gems/actionpack-3.2.9/lib/action_dispatch/middleware/templates/rescues/diagnostics.erb within rescues/layout (38.9ms)
Connecting to database specified by database.yml


Started GET "/" for 153.19.217.72 at 2012-12-03 11:22:36 +0100

SyntaxError (/home/studinf/msarzynska/asi/v3/fortunka+wyglad/app/models/fortune.rb:7: syntax error, unexpected ':'
   length.minimum: 8 && length.maximum: 128 
                  ^
/home/studinf/msarzynska/asi/v3/fortunka+wyglad/app/models/fortune.rb:7: syntax error, unexpected ':', expecting keyword_end
   length.minimum: 8 && length.maximum: 128 
                                       ^):
  app/controllers/fortunes_controller.rb:1:in `<top (required)>'


  Rendered /usr/local/rvm/gems/ruby-1.9.3-p194/gems/actionpack-3.2.9/lib/action_dispatch/middleware/templates/rescues/_trace.erb (1.0ms)
  Rendered /usr/local/rvm/gems/ruby-1.9.3-p194/gems/actionpack-3.2.9/lib/action_dispatch/middleware/templates/rescues/_request_and_response.erb (30.8ms)
  Rendered /usr/local/rvm/gems/ruby-1.9.3-p194/gems/actionpack-3.2.9/lib/action_dispatch/middleware/templates/rescues/diagnostics.erb within rescues/layout (38.4ms)
Connecting to database specified by database.yml


Started GET "/" for 153.19.217.72 at 2012-12-03 11:23:21 +0100

SyntaxError (/home/studinf/msarzynska/asi/v3/fortunka+wyglad/app/models/fortune.rb:10: syntax error, unexpected tIDENTIFIER, expecting '}'
 maximum: 128 
        ^
/home/studinf/msarzynska/asi/v3/fortunka+wyglad/app/models/fortune.rb:23: syntax error, unexpected $end, expecting keyword_end):
  app/controllers/fortunes_controller.rb:1:in `<top (required)>'


  Rendered /usr/local/rvm/gems/ruby-1.9.3-p194/gems/actionpack-3.2.9/lib/action_dispatch/middleware/templates/rescues/_trace.erb (1.0ms)
  Rendered /usr/local/rvm/gems/ruby-1.9.3-p194/gems/actionpack-3.2.9/lib/action_dispatch/middleware/templates/rescues/_request_and_response.erb (30.5ms)
  Rendered /usr/local/rvm/gems/ruby-1.9.3-p194/gems/actionpack-3.2.9/lib/action_dispatch/middleware/templates/rescues/diagnostics.erb within rescues/layout (38.0ms)
Connecting to database specified by database.yml


Started GET "/" for 153.19.217.72 at 2012-12-03 11:23:56 +0100

SyntaxError (/home/studinf/msarzynska/asi/v3/fortunka+wyglad/app/models/fortune.rb:9: syntax error, unexpected '\n', expecting tASSOC
/home/studinf/msarzynska/asi/v3/fortunka+wyglad/app/models/fortune.rb:11: syntax error, unexpected '}', expecting keyword_end
/home/studinf/msarzynska/asi/v3/fortunka+wyglad/app/models/fortune.rb:23: syntax error, unexpected $end, expecting keyword_end):
  app/controllers/fortunes_controller.rb:1:in `<top (required)>'


  Rendered /usr/local/rvm/gems/ruby-1.9.3-p194/gems/actionpack-3.2.9/lib/action_dispatch/middleware/templates/rescues/_trace.erb (1.1ms)
  Rendered /usr/local/rvm/gems/ruby-1.9.3-p194/gems/actionpack-3.2.9/lib/action_dispatch/middleware/templates/rescues/_request_and_response.erb (30.5ms)
  Rendered /usr/local/rvm/gems/ruby-1.9.3-p194/gems/actionpack-3.2.9/lib/action_dispatch/middleware/templates/rescues/diagnostics.erb within rescues/layout (38.3ms)
Connecting to database specified by database.yml


Started GET "/" for 153.19.217.72 at 2012-12-03 11:24:48 +0100

ActionController::RoutingError (undefined method `attr_accesor' for #<Class:0x00000003c79c98>):
  app/models/fortune.rb:4:in `<class:Fortune>'
  app/models/fortune.rb:1:in `<top (required)>'
  app/controllers/fortunes_controller.rb:1:in `<top (required)>'


  Rendered /usr/local/rvm/gems/ruby-1.9.3-p194/gems/actionpack-3.2.9/lib/action_dispatch/middleware/templates/rescues/routing_error.erb within rescues/layout (2.4ms)
Connecting to database specified by database.yml


Started GET "/" for 153.19.217.72 at 2012-12-03 11:25:17 +0100

ActionController::RoutingError (undefined method `length' for nil:NilClass):
  app/models/fortune.rb:14:in `<class:Fortune>'
  app/models/fortune.rb:1:in `<top (required)>'
  app/controllers/fortunes_controller.rb:1:in `<top (required)>'


  Rendered /usr/local/rvm/gems/ruby-1.9.3-p194/gems/actionpack-3.2.9/lib/action_dispatch/middleware/templates/rescues/routing_error.erb within rescues/layout (2.6ms)
Connecting to database specified by database.yml


Started GET "/" for 153.19.217.72 at 2012-12-03 11:26:04 +0100

ActionController::RoutingError (undefined method `length' for nil:NilClass):
  app/models/fortune.rb:13:in `<class:Fortune>'
  app/models/fortune.rb:1:in `<top (required)>'
  app/controllers/fortunes_controller.rb:1:in `<top (required)>'


  Rendered /usr/local/rvm/gems/ruby-1.9.3-p194/gems/actionpack-3.2.9/lib/action_dispatch/middleware/templates/rescues/routing_error.erb within rescues/layout (2.4ms)


Started GET "/" for 153.19.217.72 at 2012-12-03 11:26:11 +0100

NoMethodError (undefined method `key?' for nil:NilClass):
  actionpack (3.2.9) lib/action_controller/metal/hide_actions.rb:36:in `visible_action?'
  actionpack (3.2.9) lib/action_controller/metal/hide_actions.rb:18:in `method_for_action'
  actionpack (3.2.9) lib/action_controller/metal/implicit_render.rb:14:in `method_for_action'
  actionpack (3.2.9) lib/action_controller/metal/compatibility.rb:61:in `method_for_action'
  actionpack (3.2.9) lib/abstract_controller/base.rb:115:in `process'
  actionpack (3.2.9) lib/abstract_controller/rendering.rb:45:in `process'
  actionpack (3.2.9) lib/action_controller/metal.rb:203:in `dispatch'
  actionpack (3.2.9) lib/action_controller/metal/rack_delegation.rb:14:in `dispatch'
  actionpack (3.2.9) lib/action_controller/metal.rb:246:in `block in action'
  actionpack (3.2.9) lib/action_dispatch/routing/route_set.rb:73:in `call'
  actionpack (3.2.9) lib/action_dispatch/routing/route_set.rb:73:in `dispatch'
  actionpack (3.2.9) lib/action_dispatch/routing/route_set.rb:36:in `call'
  journey (1.0.4) lib/journey/router.rb:68:in `block in call'
  journey (1.0.4) lib/journey/router.rb:56:in `each'
  journey (1.0.4) lib/journey/router.rb:56:in `call'
  actionpack (3.2.9) lib/action_dispatch/routing/route_set.rb:601:in `call'
  actionpack (3.2.9) lib/action_dispatch/middleware/best_standards_support.rb:17:in `call'
  rack (1.4.1) lib/rack/etag.rb:23:in `call'
  rack (1.4.1) lib/rack/conditionalget.rb:25:in `call'
  actionpack (3.2.9) lib/action_dispatch/middleware/head.rb:14:in `call'
  actionpack (3.2.9) lib/action_dispatch/middleware/params_parser.rb:21:in `call'
  actionpack (3.2.9) lib/action_dispatch/middleware/flash.rb:242:in `call'
  rack (1.4.1) lib/rack/session/abstract/id.rb:205:in `context'
  rack (1.4.1) lib/rack/session/abstract/id.rb:200:in `call'
  actionpack (3.2.9) lib/action_dispatch/middleware/cookies.rb:341:in `call'
  activerecord (3.2.9) lib/active_record/query_cache.rb:64:in `call'
  activerecord (3.2.9) lib/active_record/connection_adapters/abstract/connection_pool.rb:479:in `call'
  actionpack (3.2.9) lib/action_dispatch/middleware/callbacks.rb:28:in `block in call'
  activesupport (3.2.9) lib/active_support/callbacks.rb:405:in `_run__656630661446304913__call__3097867459906727283__callbacks'
  activesupport (3.2.9) lib/active_support/callbacks.rb:405:in `__run_callback'
  activesupport (3.2.9) lib/active_support/callbacks.rb:385:in `_run_call_callbacks'
  activesupport (3.2.9) lib/active_support/callbacks.rb:81:in `run_callbacks'
  actionpack (3.2.9) lib/action_dispatch/middleware/callbacks.rb:27:in `call'
  actionpack (3.2.9) lib/action_dispatch/middleware/reloader.rb:65:in `call'
  actionpack (3.2.9) lib/action_dispatch/middleware/remote_ip.rb:31:in `call'
  actionpack (3.2.9) lib/action_dispatch/middleware/debug_exceptions.rb:16:in `call'
  actionpack (3.2.9) lib/action_dispatch/middleware/show_exceptions.rb:56:in `call'
  railties (3.2.9) lib/rails/rack/logger.rb:32:in `call_app'
  railties (3.2.9) lib/rails/rack/logger.rb:16:in `block in call'
  activesupport (3.2.9) lib/active_support/tagged_logging.rb:22:in `tagged'
  railties (3.2.9) lib/rails/rack/logger.rb:16:in `call'
  quiet_assets (1.0.1) lib/quiet_assets.rb:20:in `call_with_quiet_assets'
  actionpack (3.2.9) lib/action_dispatch/middleware/request_id.rb:22:in `call'
  rack (1.4.1) lib/rack/methodoverride.rb:21:in `call'
  rack (1.4.1) lib/rack/runtime.rb:17:in `call'
  activesupport (3.2.9) lib/active_support/cache/strategy/local_cache.rb:72:in `call'
  rack (1.4.1) lib/rack/lock.rb:15:in `call'
  actionpack (3.2.9) lib/action_dispatch/middleware/static.rb:62:in `call'
  railties (3.2.9) lib/rails/engine.rb:479:in `call'
  railties (3.2.9) lib/rails/application.rb:223:in `call'
  rack (1.4.1) lib/rack/content_length.rb:14:in `call'
  railties (3.2.9) lib/rails/rack/log_tailer.rb:17:in `call'
  thin (1.5.0) lib/thin/connection.rb:81:in `block in pre_process'
  thin (1.5.0) lib/thin/connection.rb:79:in `catch'
  thin (1.5.0) lib/thin/connection.rb:79:in `pre_process'
  thin (1.5.0) lib/thin/connection.rb:54:in `process'
  thin (1.5.0) lib/thin/connection.rb:39:in `receive_data'
  eventmachine (1.0.0) lib/eventmachine.rb:187:in `run_machine'
  eventmachine (1.0.0) lib/eventmachine.rb:187:in `run'
  thin (1.5.0) lib/thin/backends/base.rb:63:in `start'
  thin (1.5.0) lib/thin/server.rb:159:in `start'
  rack (1.4.1) lib/rack/handler/thin.rb:13:in `run'
  rack (1.4.1) lib/rack/server.rb:265:in `start'
  railties (3.2.9) lib/rails/commands/server.rb:70:in `start'
  railties (3.2.9) lib/rails/commands.rb:55:in `block in <top (required)>'
  railties (3.2.9) lib/rails/commands.rb:50:in `tap'
  railties (3.2.9) lib/rails/commands.rb:50:in `<top (required)>'
  script/rails:6:in `require'
  script/rails:6:in `<main>'


  Rendered /usr/local/rvm/gems/ruby-1.9.3-p194/gems/actionpack-3.2.9/lib/action_dispatch/middleware/templates/rescues/_trace.erb (1.4ms)
  Rendered /usr/local/rvm/gems/ruby-1.9.3-p194/gems/actionpack-3.2.9/lib/action_dispatch/middleware/templates/rescues/_request_and_response.erb (32.3ms)
  Rendered /usr/local/rvm/gems/ruby-1.9.3-p194/gems/actionpack-3.2.9/lib/action_dispatch/middleware/templates/rescues/diagnostics.erb within rescues/layout (40.5ms)
Connecting to database specified by database.yml


Started GET "/" for 153.19.217.72 at 2012-12-03 11:27:20 +0100

SyntaxError (/home/studinf/msarzynska/asi/v3/fortunka+wyglad/app/models/fortune.rb:2: syntax error, unexpected '{', expecting keyword_end
...resence_of :question, :length {  minimum: 8, maximum: 128 }
...                               ^):
  app/controllers/fortunes_controller.rb:1:in `<top (required)>'


  Rendered /usr/local/rvm/gems/ruby-1.9.3-p194/gems/actionpack-3.2.9/lib/action_dispatch/middleware/templates/rescues/_trace.erb (1.0ms)
  Rendered /usr/local/rvm/gems/ruby-1.9.3-p194/gems/actionpack-3.2.9/lib/action_dispatch/middleware/templates/rescues/_request_and_response.erb (32.2ms)
  Rendered /usr/local/rvm/gems/ruby-1.9.3-p194/gems/actionpack-3.2.9/lib/action_dispatch/middleware/templates/rescues/diagnostics.erb within rescues/layout (39.8ms)
Connecting to database specified by database.yml


Started GET "/" for 153.19.217.72 at 2012-12-03 11:27:52 +0100

SyntaxError (/home/studinf/msarzynska/asi/v3/fortunka+wyglad/app/models/fortune.rb:2: syntax error, unexpected ':', expecting '}'
...f :question, length {  minimum: 8, maximum: 128 }
...                               ^):
  app/controllers/fortunes_controller.rb:1:in `<top (required)>'


  Rendered /usr/local/rvm/gems/ruby-1.9.3-p194/gems/actionpack-3.2.9/lib/action_dispatch/middleware/templates/rescues/_trace.erb (1.0ms)
  Rendered /usr/local/rvm/gems/ruby-1.9.3-p194/gems/actionpack-3.2.9/lib/action_dispatch/middleware/templates/rescues/_request_and_response.erb (31.1ms)
  Rendered /usr/local/rvm/gems/ruby-1.9.3-p194/gems/actionpack-3.2.9/lib/action_dispatch/middleware/templates/rescues/diagnostics.erb within rescues/layout (38.7ms)
Connecting to database specified by database.yml


Started GET "/" for 153.19.217.72 at 2012-12-03 11:29:27 +0100

ActionController::RoutingError (undefined method `length' for nil:NilClass):
  app/models/fortune.rb:9:in `<class:Fortune>'
  app/models/fortune.rb:1:in `<top (required)>'
  app/controllers/fortunes_controller.rb:1:in `<top (required)>'


  Rendered /usr/local/rvm/gems/ruby-1.9.3-p194/gems/actionpack-3.2.9/lib/action_dispatch/middleware/templates/rescues/routing_error.erb within rescues/layout (2.4ms)
Connecting to database specified by database.yml


Started GET "/" for 153.19.217.72 at 2012-12-03 11:30:52 +0100

ActionController::RoutingError (undefined method `save' for nil:NilClass):
  app/models/fortune.rb:9:in `<class:Fortune>'
  app/models/fortune.rb:1:in `<top (required)>'
  app/controllers/fortunes_controller.rb:1:in `<top (required)>'


  Rendered /usr/local/rvm/gems/ruby-1.9.3-p194/gems/actionpack-3.2.9/lib/action_dispatch/middleware/templates/rescues/routing_error.erb within rescues/layout (2.4ms)
Connecting to database specified by database.yml


Started GET "/" for 153.19.217.72 at 2012-12-03 11:31:15 +0100
Processing by FortunesController#index as HTML
  [1m[36mFortune Load (39.4ms)[0m  [1mSELECT "fortunes".* FROM "fortunes" [0m
  Rendered fortunes/index.html.erb within layouts/application (265.6ms)
  Rendered shared/_navbar.html.erb (0.4ms)
Completed 200 OK in 1261ms (Views: 825.0ms | ActiveRecord: 354.5ms)


Started GET "/fortunes/new" for 153.19.217.72 at 2012-12-03 11:31:20 +0100
Processing by FortunesController#new as HTML
  Rendered fortunes/_form.html.erb (268.0ms)
  Rendered fortunes/new.html.erb within layouts/application (270.6ms)
  Rendered shared/_navbar.html.erb (0.1ms)
Completed 200 OK in 289ms (Views: 288.7ms | ActiveRecord: 0.0ms)


Started POST "/fortunes" for 153.19.217.72 at 2012-12-03 11:31:22 +0100
Processing by FortunesController#create as HTML
  Parameters: {"utf8"=>"✓", "authenticity_token"=>"7btjbGaZJbTqzKUbxsvm2rTKY1JXkjC4IQpiOl5dlBY=", "fortune"=>{"data(1i)"=>"2012", "data(2i)"=>"12", "data(3i)"=>"3", "quotation"=>"", "source"=>""}, "commit"=>"Create Fortune"}
  [1m[35m (0.1ms)[0m  begin transaction
  [1m[36m (0.0ms)[0m  [1mrollback transaction[0m
Completed 500 Internal Server Error in 3ms

NoMethodError (undefined method `question' for #<Fortune:0x00000002297168>):
  app/controllers/fortunes_controller.rb:46:in `block in create'
  app/controllers/fortunes_controller.rb:45:in `create'


  Rendered /usr/local/rvm/gems/ruby-1.9.3-p194/gems/actionpack-3.2.9/lib/action_dispatch/middleware/templates/rescues/_trace.erb (1.1ms)
  Rendered /usr/local/rvm/gems/ruby-1.9.3-p194/gems/actionpack-3.2.9/lib/action_dispatch/middleware/templates/rescues/_request_and_response.erb (0.8ms)
  Rendered /usr/local/rvm/gems/ruby-1.9.3-p194/gems/actionpack-3.2.9/lib/action_dispatch/middleware/templates/rescues/diagnostics.erb within rescues/layout (6.4ms)
Connecting to database specified by database.yml


Started GET "/" for 153.19.217.72 at 2012-12-03 11:33:11 +0100
Processing by FortunesController#index as HTML
  [1m[36mFortune Load (29.0ms)[0m  [1mSELECT "fortunes".* FROM "fortunes" [0m
  Rendered fortunes/index.html.erb within layouts/application (268.4ms)
  Rendered shared/_navbar.html.erb (0.4ms)
Completed 200 OK in 1143ms (Views: 688.7ms | ActiveRecord: 368.2ms)


Started GET "/fortunes/new" for 153.19.217.72 at 2012-12-03 11:33:15 +0100
Processing by FortunesController#new as HTML
  Rendered fortunes/_form.html.erb (266.9ms)
  Rendered fortunes/new.html.erb within layouts/application (269.7ms)
  Rendered shared/_navbar.html.erb (0.1ms)
Completed 200 OK in 329ms (Views: 328.8ms | ActiveRecord: 0.0ms)


Started POST "/fortunes" for 153.19.217.72 at 2012-12-03 11:33:17 +0100
Processing by FortunesController#create as HTML
  Parameters: {"utf8"=>"✓", "authenticity_token"=>"7btjbGaZJbTqzKUbxsvm2rTKY1JXkjC4IQpiOl5dlBY=", "fortune"=>{"data(1i)"=>"2012", "data(2i)"=>"12", "data(3i)"=>"3", "quotation"=>"", "source"=>""}, "commit"=>"Create Fortune"}
  [1m[35m (0.1ms)[0m  begin transaction
  [1m[36m (0.0ms)[0m  [1mrollback transaction[0m
  Rendered fortunes/_form.html.erb (6.5ms)
  Rendered fortunes/new.html.erb within layouts/application (7.6ms)
  Rendered shared/_navbar.html.erb (0.1ms)
Completed 200 OK in 64ms (Views: 60.3ms | ActiveRecord: 0.1ms)


Started POST "/fortunes" for 153.19.217.72 at 2012-12-03 11:33:24 +0100
Processing by FortunesController#create as HTML
  Parameters: {"utf8"=>"✓", "authenticity_token"=>"7btjbGaZJbTqzKUbxsvm2rTKY1JXkjC4IQpiOl5dlBY=", "fortune"=>{"data(1i)"=>"2012", "data(2i)"=>"12", "data(3i)"=>"3", "quotation"=>"aaaa", "source"=>""}, "commit"=>"Create Fortune"}
  [1m[35m (0.1ms)[0m  begin transaction
  [1m[36mSQL (175.6ms)[0m  [1mINSERT INTO "fortunes" ("created_at", "data", "quotation", "source", "updated_at") VALUES (?, ?, ?, ?, ?)[0m  [["created_at", Mon, 03 Dec 2012 10:33:25 UTC +00:00], ["data", Mon, 03 Dec 2012], ["quotation", "aaaa"], ["source", ""], ["updated_at", Mon, 03 Dec 2012 10:33:25 UTC +00:00]]
  [1m[35m (216.9ms)[0m  commit transaction
Redirected to http://sigma.ug.edu.pl:16012/fortunes/9
Completed 302 Found in 397ms (ActiveRecord: 392.6ms)


Started GET "/fortunes/9" for 153.19.217.72 at 2012-12-03 11:33:25 +0100
Processing by FortunesController#show as HTML
  Parameters: {"id"=>"9"}
  [1m[36mFortune Load (41.6ms)[0m  [1mSELECT "fortunes".* FROM "fortunes" WHERE "fortunes"."id" = ? LIMIT 1[0m  [["id", "9"]]
  Rendered fortunes/show.html.erb within layouts/application (3.0ms)
  Rendered shared/_navbar.html.erb (0.1ms)
Completed 200 OK in 228ms (Views: 184.0ms | ActiveRecord: 41.6ms)


Started GET "/" for 153.19.217.72 at 2012-12-03 11:33:40 +0100
Processing by FortunesController#index as HTML
  [1m[35mFortune Load (115.7ms)[0m  SELECT "fortunes".* FROM "fortunes" 
  Rendered fortunes/index.html.erb within layouts/application (6.7ms)
  Rendered shared/_navbar.html.erb (0.1ms)
Completed 200 OK in 286ms (Views: 169.3ms | ActiveRecord: 115.7ms)
Connecting to database specified by database.yml


Started GET "/" for 153.19.217.72 at 2012-12-03 11:34:34 +0100
Processing by FortunesController#index as HTML
  [1m[36mFortune Load (39.2ms)[0m  [1mSELECT "fortunes".* FROM "fortunes" [0m
  Rendered fortunes/index.html.erb within layouts/application (215.0ms)
  Rendered shared/_navbar.html.erb (0.4ms)
Completed 200 OK in 960ms (Views: 521.1ms | ActiveRecord: 358.9ms)


Started GET "/fortunes/new" for 153.19.217.72 at 2012-12-03 11:34:38 +0100
Processing by FortunesController#new as HTML
  Rendered fortunes/_form.html.erb (270.5ms)
  Rendered fortunes/new.html.erb within layouts/application (272.8ms)
  Rendered shared/_navbar.html.erb (0.1ms)
Completed 200 OK in 292ms (Views: 291.3ms | ActiveRecord: 0.0ms)


Started POST "/fortunes" for 153.19.217.72 at 2012-12-03 11:34:43 +0100
Processing by FortunesController#create as HTML
  Parameters: {"utf8"=>"✓", "authenticity_token"=>"7btjbGaZJbTqzKUbxsvm2rTKY1JXkjC4IQpiOl5dlBY=", "fortune"=>{"data(1i)"=>"2012", "data(2i)"=>"12", "data(3i)"=>"3", "quotation"=>"", "source"=>""}, "commit"=>"Create Fortune"}
  [1m[35m (0.1ms)[0m  begin transaction
  [1m[36m (0.0ms)[0m  [1mrollback transaction[0m
  Rendered fortunes/_form.html.erb (9.3ms)
  Rendered fortunes/new.html.erb within layouts/application (10.7ms)
  Rendered shared/_navbar.html.erb (0.1ms)
Completed 200 OK in 144ms (Views: 139.7ms | ActiveRecord: 0.1ms)


Started GET "/" for 153.19.217.72 at 2012-12-03 11:34:49 +0100
Processing by FortunesController#index as HTML
  [1m[35mFortune Load (154.0ms)[0m  SELECT "fortunes".* FROM "fortunes" 
  Rendered fortunes/index.html.erb within layouts/application (4.6ms)
  Rendered shared/_navbar.html.erb (0.1ms)
Completed 200 OK in 176ms (Views: 20.6ms | ActiveRecord: 154.0ms)


Started DELETE "/fortunes/9" for 153.19.217.72 at 2012-12-03 11:34:56 +0100
Processing by FortunesController#destroy as HTML
  Parameters: {"authenticity_token"=>"7btjbGaZJbTqzKUbxsvm2rTKY1JXkjC4IQpiOl5dlBY=", "id"=>"9"}
  [1m[36mFortune Load (120.5ms)[0m  [1mSELECT "fortunes".* FROM "fortunes" WHERE "fortunes"."id" = ? LIMIT 1[0m  [["id", "9"]]
  [1m[35m (0.1ms)[0m  begin transaction
  [1m[36mSQL (79.4ms)[0m  [1mDELETE FROM "fortunes" WHERE "fortunes"."id" = ?[0m  [["id", 9]]
  [1m[35m (165.9ms)[0m  commit transaction
Redirected to http://sigma.ug.edu.pl:16012/fortunes
Completed 302 Found in 371ms (ActiveRecord: 365.9ms)


Started GET "/fortunes" for 153.19.217.72 at 2012-12-03 11:34:56 +0100
Processing by FortunesController#index as HTML
  [1m[36mFortune Load (79.3ms)[0m  [1mSELECT "fortunes".* FROM "fortunes" [0m
  Rendered fortunes/index.html.erb within layouts/application (5.9ms)
  Rendered shared/_navbar.html.erb (0.1ms)
Completed 200 OK in 193ms (Views: 112.6ms | ActiveRecord: 79.3ms)
